<?xml version="1.0" encoding="UTF-8"?>
<!-- Generated by org.testng.reporters.JUnitXMLReporter -->
<testsuite ignored="0" hostname="DESKTOP-8D1MSL6" failures="0" tests="2" name="Test" time="6.587" errors="0" timestamp="2022-01-26T19:03:02 IST">
  <testcase classname="com.qa.testBase.TestBase" name="@BeforeMethod setUp" time="6.498">
    <failure type="java.lang.NullPointerException" message="Cannot invoke &amp;quot;java.util.Properties.getProperty(String)&amp;quot; because &amp;quot;this.pro&amp;quot; is null">
      <![CDATA[java.lang.NullPointerException: Cannot invoke "java.util.Properties.getProperty(String)" because "this.pro" is null
at com.qa.utilities.ReadConfig.getApplicationURL(ReadConfig.java:28)
at com.qa.testBase.TestBase.setUp(TestBase.java:64)
at java.base/java.util.ArrayList.forEach(ArrayList.java:1511)
... Removed 31 stack frames]]>
    </failure>
  </testcase> <!-- @BeforeMethod setUp -->
  <testcase classname="com.qa.testBase.TestBase" name="@AfterMethod teardown" time="-1.643203982218E9">
    <skipped/>
  </testcase> <!-- @AfterMethod teardown -->
  <testcase classname="com.qa.testBase.TestBase" name="@BeforeMethod setUp" time="-1.643203982221E9">
    <skipped/>
  </testcase> <!-- @BeforeMethod setUp -->
  <testcase classname="com.qa.testBase.TestBase" name="@AfterMethod teardown" time="-1.643203982232E9">
    <skipped/>
  </testcase> <!-- @AfterMethod teardown -->
  <testcase classname="com.qa.testCases.HomePageTest" name="verifySearchbox" time="0.0">
    <skipped/>
  </testcase> <!-- verifySearchbox -->
  <testcase classname="com.qa.testCases.HomePageTest" name="verifyTitle" time="0.0">
    <skipped/>
  </testcase> <!-- verifyTitle -->
</testsuite> <!-- Test -->
